# JRE version: OpenJDK Runtime Environment (11.0.8+10) (build 11.0.8+10-b944.6842174)
# Java VM: OpenJDK 64-Bit Server VM (11.0.8+10-b944.6842174, mixed mode, tiered, compressed oops, g1 gc, windows-amd64)
Heap:
 garbage-first heap   total 262144K, used 142646K [0x0000000080000000, 0x0000000100000000)
  region size 1024K, 22 young (22528K), 8 survivors (8192K)
 Metaspace       used 115766K, capacity 118959K, committed 119204K, reserved 1153024K
  class space    used 14451K, capacity 15567K, committed 15616K, reserved 1048576K
GC Heap History (20 events):
Event: 5.170 GC heap before
{Heap before GC invocations=10 (full 0):
 garbage-first heap   total 262144K, used 160914K [0x0000000080000000, 0x0000000100000000)
  region size 1024K, 93 young (95232K), 3 survivors (3072K)
 Metaspace       used 66958K, capacity 68854K, committed 68992K, reserved 1110016K
  class space    used 8423K, capacity 9018K, committed 9088K, reserved 1048576K
}
Event: 5.175 GC heap after
{Heap after GC invocations=11 (full 0):
 garbage-first heap   total 262144K, used 73427K [0x0000000080000000, 0x0000000100000000)
  region size 1024K, 9 young (9216K), 9 survivors (9216K)
 Metaspace       used 66958K, capacity 68854K, committed 68992K, reserved 1110016K
  class space    used 8423K, capacity 9018K, committed 9088K, reserved 1048576K
}
Event: 6.047 GC heap before
{Heap before GC invocations=11 (full 0):
 garbage-first heap   total 262144K, used 174803K [0x0000000080000000, 0x0000000100000000)
  region size 1024K, 102 young (104448K), 9 survivors (9216K)
 Metaspace       used 76501K, capacity 78468K, committed 78592K, reserved 1118208K
  class space    used 9802K, capacity 10441K, committed 10496K, reserved 1048576K
}
Event: 6.052 GC heap after
{Heap after GC invocations=12 (full 0):
 garbage-first heap   total 262144K, used 79629K [0x0000000080000000, 0x0000000100000000)
  region size 1024K, 7 young (7168K), 7 survivors (7168K)
 Metaspace       used 76501K, capacity 78468K, committed 78592K, reserved 1118208K
  class space    used 9802K, capacity 10441K, committed 10496K, reserved 1048576K
}
Event: 6.690 GC heap before
{Heap before GC invocations=12 (full 0):
 garbage-first heap   total 262144K, used 201485K [0x0000000080000000, 0x0000000100000000)
  region size 1024K, 103 young (105472K), 7 survivors (7168K)
 Metaspace       used 82459K, capacity 84567K, committed 84736K, reserved 1122304K
  class space    used 10530K, capacity 11204K, committed 11264K, reserved 1048576K
}
Event: 6.695 GC heap after
{Heap after GC invocations=13 (full 0):
 garbage-first heap   total 262144K, used 83558K [0x0000000080000000, 0x0000000100000000)
  region size 1024K, 11 young (11264K), 11 survivors (11264K)
 Metaspace       used 82459K, capacity 84567K, committed 84736K, reserved 1122304K
  class space    used 10530K, capacity 11204K, committed 11264K, reserved 1048576K
}
Event: 8.052 GC heap before
{Heap before GC invocations=13 (full 0):
 garbage-first heap   total 262144K, used 184934K [0x0000000080000000, 0x0000000100000000)
  region size 1024K, 110 young (112640K), 11 survivors (11264K)
 Metaspace       used 93599K, capacity 95952K, committed 96128K, reserved 1132544K
  class space    used 12000K, capacity 12801K, committed 12928K, reserved 1048576K
}
Event: 8.059 GC heap after
{Heap after GC invocations=14 (full 0):
 garbage-first heap   total 262144K, used 90956K [0x0000000080000000, 0x0000000100000000)
  region size 1024K, 12 young (12288K), 12 survivors (12288K)
 Metaspace       used 93599K, capacity 95952K, committed 96128K, reserved 1132544K
  class space    used 12000K, capacity 12801K, committed 12928K, reserved 1048576K
}
Event: 8.666 GC heap before
{Heap before GC invocations=14 (full 0):
 garbage-first heap   total 262144K, used 192332K [0x0000000080000000, 0x0000000100000000)
  region size 1024K, 111 young (113664K), 12 survivors (12288K)
 Metaspace       used 96384K, capacity 99012K, committed 99072K, reserved 1134592K
  class space    used 12354K, capacity 13294K, committed 13312K, reserved 1048576K
}
Event: 8.672 GC heap after
{Heap after GC invocations=15 (full 0):
 garbage-first heap   total 262144K, used 95989K [0x0000000080000000, 0x0000000100000000)
  region size 1024K, 13 young (13312K), 13 survivors (13312K)
 Metaspace       used 96384K, capacity 99012K, committed 99072K, reserved 1134592K
  class space    used 12354K, capacity 13294K, committed 13312K, reserved 1048576K
}
Event: 8.855 GC heap before
{Heap before GC invocations=15 (full 0):
 garbage-first heap   total 262144K, used 142069K [0x0000000080000000, 0x0000000100000000)
  region size 1024K, 59 young (60416K), 13 survivors (13312K)
 Metaspace       used 97789K, capacity 100524K, committed 100608K, reserved 1136640K
  class space    used 12548K, capacity 13497K, committed 13568K, reserved 1048576K
}
Event: 8.860 GC heap after
{Heap after GC invocations=16 (full 0):
 garbage-first heap   total 262144K, used 95390K [0x0000000080000000, 0x0000000100000000)
  region size 1024K, 5 young (5120K), 5 survivors (5120K)
 Metaspace       used 97789K, capacity 100524K, committed 100608K, reserved 1136640K
  class space    used 12548K, capacity 13497K, committed 13568K, reserved 1048576K
}
Event: 9.518 GC heap before
{Heap before GC invocations=17 (full 0):
 garbage-first heap   total 262144K, used 201886K [0x0000000080000000, 0x0000000100000000)
  region size 1024K, 110 young (112640K), 5 survivors (5120K)
 Metaspace       used 102711K, capacity 105516K, committed 105636K, reserved 1140736K
  class space    used 13102K, capacity 14056K, committed 14080K, reserved 1048576K
}
Event: 9.524 GC heap after
{Heap after GC invocations=18 (full 0):
 garbage-first heap   total 262144K, used 102232K [0x0000000080000000, 0x0000000100000000)
  region size 1024K, 12 young (12288K), 12 survivors (12288K)
 Metaspace       used 102711K, capacity 105516K, committed 105636K, reserved 1140736K
  class space    used 13102K, capacity 14056K, committed 14080K, reserved 1048576K
}
Event: 10.067 GC heap before
{Heap before GC invocations=19 (full 0):
 garbage-first heap   total 262144K, used 204632K [0x0000000080000000, 0x0000000100000000)
  region size 1024K, 113 young (115712K), 12 survivors (12288K)
 Metaspace       used 107903K, capacity 110568K, committed 110884K, reserved 1144832K
  class space    used 13691K, capacity 14621K, committed 14720K, reserved 1048576K
}
Event: 10.074 GC heap after
{Heap after GC invocations=20 (full 0):
 garbage-first heap   total 262144K, used 107693K [0x0000000080000000, 0x0000000100000000)
  region size 1024K, 13 young (13312K), 13 survivors (13312K)
 Metaspace       used 107903K, capacity 110568K, committed 110884K, reserved 1144832K
  class space    used 13691K, capacity 14621K, committed 14720K, reserved 1048576K
}
Event: 1148.198 GC heap before
{Heap before GC invocations=20 (full 0):
 garbage-first heap   total 262144K, used 210093K [0x0000000080000000, 0x0000000100000000)
  region size 1024K, 113 young (115712K), 13 survivors (13312K)
 Metaspace       used 115376K, capacity 118508K, committed 118692K, reserved 1153024K
  class space    used 14426K, capacity 15544K, committed 15616K, reserved 1048576K
}
Event: 1148.206 GC heap after
{Heap after GC invocations=21 (full 0):
 garbage-first heap   total 262144K, used 112406K [0x0000000080000000, 0x0000000100000000)
  region size 1024K, 10 young (10240K), 10 survivors (10240K)
 Metaspace       used 115376K, capacity 118508K, committed 118692K, reserved 1153024K
  class space    used 14426K, capacity 15544K, committed 15616K, reserved 1048576K
}
Event: 1148.443 GC heap before
{Heap before GC invocations=21 (full 0):
 garbage-first heap   total 262144K, used 163606K [0x0000000080000000, 0x0000000100000000)
  region size 1024K, 49 young (50176K), 10 survivors (10240K)
 Metaspace       used 115743K, capacity 118941K, committed 119204K, reserved 1153024K
  class space    used 14450K, capacity 15564K, committed 15616K, reserved 1048576K
}
Event: 1148.455 GC heap after
{Heap after GC invocations=22 (full 0):
 garbage-first heap   total 262144K, used 114998K [0x0000000080000000, 0x0000000100000000)
  region size 1024K, 8 young (8192K), 8 survivors (8192K)
 Metaspace       used 115743K, capacity 118941K, committed 119204K, reserved 1153024K
  class space    used 14450K, capacity 15564K, committed 15616K, reserved 1048576K
}

